<?xml version="1.0" encoding="UTF-8"?>
<!-- Generated by org.testng.reporters.JUnitReportReporter -->
<testsuite hostname="win764bit" name="argroupid.arartifactid.irctclogin" tests="1" failures="0" timestamp="4 Aug 2014 12:59:29 GMT" time="90.872" errors="0">
  <testcase name="firsttest" time="90.872" classname="argroupid.arartifactid.irctclogin"/>
</testsuite> <!-- argroupid.arartifactid.irctclogin -->
