<?xml version="1.0" encoding="UTF-8"?>
<!-- Generated by org.testng.reporters.JUnitReportReporter -->
<testsuite hostname="win764bit" name="argroupid.arartifactid.NewPost" tests="1" failures="0" timestamp="6 Aug 2014 09:14:40 GMT" time="40.936" errors="0">
  <testcase name="newpostcreate" time="40.936" classname="argroupid.arartifactid.NewPost"/>
</testsuite> <!-- argroupid.arartifactid.NewPost -->
